<?xml version="1.0" encoding="UTF-8"?>
<!-- Generated by org.testng.reporters.JUnitXMLReporter -->
<testsuite ignored="0" hostname="EPINBANW01F6" failures="0" tests="3" name="Default test" time="63.515" errors="0" timestamp="2025-04-18T12:49:33 IST">
  <testcase classname="maven_group.selemium_maven.tests.SubmitOrderTest" name="SubmitOrder" time="26.754"/>
  <testcase classname="maven_group.selemium_maven.tests.SubmitOrderTest" name="SubmitOrder" time="26.674"/>
  <testcase classname="maven_group.selemium_maven.tests.SubmitOrderTest" name="OrderHistoryTest" time="0.564"/>
</testsuite> <!-- Default test -->
