<?xml version="1.0" encoding="UTF-8"?>
<!-- Generated by org.testng.reporters.JUnitXMLReporter -->
<testsuite ignored="0" hostname="EPINBANW01F6" failures="0" tests="3" name="SubmitOrderTest" time="97.244" errors="0" timestamp="2025-04-28T16:39:12 IST">
  <testcase classname="maven_group.selemium_maven.tests.SubmitOrderTest" name="SubmitOrder" time="30.275"/>
  <testcase classname="maven_group.selemium_maven.tests.SubmitOrderTest" name="SubmitOrder" time="28.037"/>
  <testcase classname="maven_group.selemium_maven.tests.SubmitOrderTest" name="OrderHistoryTest" time="2.013"/>
</testsuite> <!-- SubmitOrderTest -->
