<?xml version="1.0" encoding="UTF-8"?>
<!-- Generated by org.testng.reporters.JUnitXMLReporter -->
<testsuite ignored="0" hostname="EPINBANW01F6" failures="0" tests="2" name="Test" time="16.524" errors="0" timestamp="2025-01-27T22:58:44 IST">
  <testcase classname="maven_group.selemium_maven.tests.ErrorValidations" name="ProductErrorValidation" time="5.793"/>
  <testcase classname="maven_group.selemium_maven.tests.ErrorValidations" name="zLoginErrorValidation" time="0.741"/>
</testsuite> <!-- Test -->
