<?xml version="1.0" encoding="UTF-8"?>
<testng-results ignored="0" total="2" passed="2" failed="0" skipped="0">
  <reporter-output>
  </reporter-output>
  <suite started-at="2025-05-09T20:44:23 IST" name="Surefire suite" finished-at="2025-05-09T20:45:28 IST" duration-ms="64741">
    <groups>
      <group name="cucumber">
        <method signature="AbstractTestNGCucumberTests.runScenario(io.cucumber.testng.PickleWrapper,io.cucumber.testng.FeatureWrapper)[pri:0, instance:cucumber.TestNGTestRunner@20ccf40b]" name="runScenario" class="io.cucumber.testng.AbstractTestNGCucumberTests"/>
      </group> <!-- cucumber -->
    </groups>
    <test started-at="2025-05-09T20:44:23 IST" name="Surefire test" finished-at="2025-05-09T20:45:28 IST" duration-ms="64741">
      <class name="cucumber.TestNGTestRunner">
        <test-method is-config="true" signature="setUpClass(org.testng.ITestContext)[pri:0, instance:cucumber.TestNGTestRunner@20ccf40b]" started-at="2025-05-09T20:44:23 IST" name="setUpClass" finished-at="2025-05-09T20:44:23 IST" duration-ms="431" status="PASS">
          <params>
            <param index="0">
              <value>
                <![CDATA[org.testng.TestRunner@4eea94a4]]>
              </value>
            </param>
          </params>
          <reporter-output>
          </reporter-output>
        </test-method> <!-- setUpClass -->
        <test-method signature="runScenario(io.cucumber.testng.PickleWrapper,io.cucumber.testng.FeatureWrapper)[pri:0, instance:cucumber.TestNGTestRunner@20ccf40b]" started-at="2025-05-09T20:44:23 IST" name="runScenario" description="Runs Cucumber Scenarios" data-provider="scenarios" finished-at="2025-05-09T20:44:55 IST" duration-ms="32053" status="PASS">
          <params>
            <param index="0">
              <value>
                <![CDATA["Positive test of submitting an order"]]>
              </value>
            </param>
            <param index="1">
              <value>
                <![CDATA["Purchase an order from e-commerce website"]]>
              </value>
            </param>
          </params>
          <reporter-output>
          </reporter-output>
        </test-method> <!-- runScenario -->
        <test-method signature="runScenario(io.cucumber.testng.PickleWrapper,io.cucumber.testng.FeatureWrapper)[pri:0, instance:cucumber.TestNGTestRunner@20ccf40b]" started-at="2025-05-09T20:44:55 IST" name="runScenario" description="Runs Cucumber Scenarios" data-provider="scenarios" finished-at="2025-05-09T20:45:28 IST" duration-ms="32207" status="PASS">
          <params>
            <param index="0">
              <value>
                <![CDATA["Positive test of submitting an order"]]>
              </value>
            </param>
            <param index="1">
              <value>
                <![CDATA["Purchase an order from e-commerce website"]]>
              </value>
            </param>
          </params>
          <reporter-output>
          </reporter-output>
        </test-method> <!-- runScenario -->
        <test-method is-config="true" signature="tearDownClass()[pri:0, instance:cucumber.TestNGTestRunner@20ccf40b]" started-at="2025-05-09T20:45:28 IST" name="tearDownClass" finished-at="2025-05-09T20:45:28 IST" duration-ms="21" status="PASS">
          <reporter-output>
          </reporter-output>
        </test-method> <!-- tearDownClass -->
      </class> <!-- cucumber.TestNGTestRunner -->
    </test> <!-- Surefire test -->
  </suite> <!-- Surefire suite -->
</testng-results>
