<?xml version="1.0" encoding="UTF-8"?>
<testng-results ignored="0" total="2" passed="2" failed="0" skipped="0">
  <reporter-output>
  </reporter-output>
  <suite started-at="2025-05-09T18:36:17 IST" name="Default suite" finished-at="2025-05-09T18:37:19 IST" duration-ms="62138">
    <groups>
      <group name="cucumber">
        <method signature="AbstractTestNGCucumberTests.runScenario(io.cucumber.testng.PickleWrapper,io.cucumber.testng.FeatureWrapper)[pri:0, instance:cucumber.TestNGTestRunner@5890e879]" name="runScenario" class="io.cucumber.testng.AbstractTestNGCucumberTests"/>
      </group> <!-- cucumber -->
    </groups>
    <test started-at="2025-05-09T18:36:17 IST" name="Default test" finished-at="2025-05-09T18:37:19 IST" duration-ms="62138">
      <class name="cucumber.TestNGTestRunner">
        <test-method is-config="true" signature="setUpClass(org.testng.ITestContext)[pri:0, instance:cucumber.TestNGTestRunner@5890e879]" started-at="2025-05-09T18:36:17 IST" name="setUpClass" finished-at="2025-05-09T18:36:17 IST" duration-ms="575" status="PASS">
          <params>
            <param index="0">
              <value>
                <![CDATA[org.testng.TestRunner@180b3819]]>
              </value>
            </param>
          </params>
          <reporter-output>
          </reporter-output>
        </test-method> <!-- setUpClass -->
        <test-method signature="runScenario(io.cucumber.testng.PickleWrapper,io.cucumber.testng.FeatureWrapper)[pri:0, instance:cucumber.TestNGTestRunner@5890e879]" started-at="2025-05-09T18:36:17 IST" name="runScenario" description="Runs Cucumber Scenarios" data-provider="scenarios" finished-at="2025-05-09T18:36:49 IST" duration-ms="31096" status="PASS">
          <params>
            <param index="0">
              <value>
                <![CDATA["Positive test of submitting an order"]]>
              </value>
            </param>
            <param index="1">
              <value>
                <![CDATA["Purchase an order from e-commerce website"]]>
              </value>
            </param>
          </params>
          <reporter-output>
          </reporter-output>
        </test-method> <!-- runScenario -->
        <test-method signature="runScenario(io.cucumber.testng.PickleWrapper,io.cucumber.testng.FeatureWrapper)[pri:0, instance:cucumber.TestNGTestRunner@5890e879]" started-at="2025-05-09T18:36:49 IST" name="runScenario" description="Runs Cucumber Scenarios" data-provider="scenarios" finished-at="2025-05-09T18:37:19 IST" duration-ms="30407" status="PASS">
          <params>
            <param index="0">
              <value>
                <![CDATA["Positive test of submitting an order"]]>
              </value>
            </param>
            <param index="1">
              <value>
                <![CDATA["Purchase an order from e-commerce website"]]>
              </value>
            </param>
          </params>
          <reporter-output>
          </reporter-output>
        </test-method> <!-- runScenario -->
        <test-method is-config="true" signature="tearDownClass()[pri:0, instance:cucumber.TestNGTestRunner@5890e879]" started-at="2025-05-09T18:37:19 IST" name="tearDownClass" finished-at="2025-05-09T18:37:19 IST" duration-ms="17" status="PASS">
          <reporter-output>
          </reporter-output>
        </test-method> <!-- tearDownClass -->
      </class> <!-- cucumber.TestNGTestRunner -->
    </test> <!-- Default test -->
  </suite> <!-- Default suite -->
</testng-results>
